<?xml version="1.0" encoding="UTF-8"?>
<!-- Generated by org.testng.reporters.JUnitReportReporter -->
<testsuite hostname="LAPTOP-J71GRUG2" failures="0" tests="2" name="runner.Runner" time="38.514" errors="0" timestamp="2025-06-05T21:09:40 IST" skipped="0">
  <testcase classname="runner.Runner" name="runScenario" time="22.164"/>
  <testcase classname="runner.Runner" name="runScenario" time="16.350"/>
</testsuite> <!-- runner.Runner -->
