<?xml version="1.0" encoding="UTF-8"?>
<!-- Generated by org.testng.reporters.JUnitReportReporter -->
<testsuite hostname="LAPTOP-J71GRUG2" failures="0" tests="2" name="runner.Runner" time="75.396" errors="0" timestamp="2025-06-06T15:16:36 IST" skipped="0">
  <testcase classname="runner.Runner" name="runScenario" time="34.113"/>
  <testcase classname="runner.Runner" name="runScenario" time="41.283"/>
</testsuite> <!-- runner.Runner -->
